2026-02-25 18:06:19.452 [info] [main] Nivel de registro: Info
2026-02-25 18:06:19.452 [info] [main] Validando git encontrado en: "git"
2026-02-25 18:06:19.452 [info] [main] Usando git "2.52.0" de "git"
2026-02-25 18:06:19.452 [info] [Model][doInitialScan] Initial repository scan started
2026-02-25 18:06:19.452 [info] > git rev-parse --show-toplevel [77ms]
2026-02-25 18:06:19.452 [info] > git rev-parse --git-dir --git-common-dir --show-superproject-working-tree [18ms]
2026-02-25 18:06:19.452 [info] [Model][openRepository] Opened repository (path): /workspaces/welcome-to-workspace
2026-02-25 18:06:19.452 [info] [Model][openRepository] Opened repository (real path): /workspaces/welcome-to-workspace
2026-02-25 18:06:19.452 [info] [Model][openRepository] Opened repository (kind): repository
2026-02-25 18:06:19.452 [info] [Model][doInitialScan] Initial repository scan completed - repositories (1), closed repositories (0), parent repositories (0), unsafe repositories (0)
2026-02-25 18:06:19.452 [info] > git check-ignore -v -z --stdin [119ms]
2026-02-25 18:06:19.452 [info] > git config --get commit.template [803ms]
2026-02-25 18:06:19.452 [info] > git for-each-ref --format=%(refname)%00%(upstream:short)%00%(objectname)%00%(upstream:track)%00%(upstream:remotename)%00%(upstream:remoteref) refs/heads/main refs/remotes/main [27ms]
2026-02-25 18:06:19.452 [warning] [Git][revParse] Unable to read file: ENOENT: no such file or directory, open '/workspaces/welcome-to-workspace/.git/refs/remotes/origin/main'
2026-02-25 18:06:19.456 [info] > git rev-parse refs/remotes/origin/main [9ms]
2026-02-25 18:06:19.480 [info] > git status -z -uall [14ms]
2026-02-25 18:06:19.485 [info] > git for-each-ref --sort -committerdate --format %(refname)%00%(objectname)%00%(*objectname) [10ms]
2026-02-25 18:06:19.554 [info] > git for-each-ref --format=%(refname)%00%(upstream:short)%00%(objectname)%00%(upstream:track)%00%(upstream:remotename)%00%(upstream:remoteref) refs/heads/main refs/remotes/main [23ms]
2026-02-25 18:06:19.571 [info] > git config --get --local branch.main.vscode-merge-base [6ms]
2026-02-25 18:06:19.571 [warning] [Git][config] git config failed: Failed to execute git
2026-02-25 18:06:19.589 [info] > git config --get commit.template [38ms]
2026-02-25 18:06:19.682 [info] > git reflog main --grep-reflog=branch: Created from *. [93ms]
2026-02-25 18:06:19.724 [info] > git symbolic-ref --short refs/remotes/origin/HEAD [10ms]
2026-02-25 18:06:19.732 [info] > git for-each-ref --format=%(refname)%00%(upstream:short)%00%(objectname)%00%(upstream:track)%00%(upstream:remotename)%00%(upstream:remoteref) refs/heads/main refs/remotes/main [11ms]
2026-02-25 18:06:19.741 [warning] [Git][revParse] Unable to read file: ENOENT: no such file or directory, open '/workspaces/welcome-to-workspace/.git/refs/remotes/origin/main'
2026-02-25 18:06:19.742 [info] > git rev-parse refs/remotes/origin/main [1ms]
2026-02-25 18:06:19.756 [info] > git for-each-ref --format=%(refname)%00%(upstream:short)%00%(objectname)%00%(upstream:track)%00%(upstream:remotename)%00%(upstream:remoteref) refs/heads/origin/main refs/remotes/origin/main [27ms]
2026-02-25 18:06:19.772 [info] > git status -z -uall [20ms]
2026-02-25 18:06:19.772 [info] > git for-each-ref --sort -committerdate --format %(refname)%00%(objectname)%00%(*objectname) [16ms]
2026-02-25 18:06:19.789 [info] > git config --add --local branch.main.vscode-merge-base origin/main [27ms]
2026-02-25 18:06:19.808 [info] > git check-ignore -v -z --stdin [19ms]
2026-02-25 18:06:19.810 [info] > git config --get commit.template [11ms]
2026-02-25 18:06:19.821 [info] > git for-each-ref --format=%(refname)%00%(upstream:short)%00%(objectname)%00%(upstream:track)%00%(upstream:remotename)%00%(upstream:remoteref) refs/heads/main refs/remotes/main [4ms]
2026-02-25 18:06:19.829 [warning] [Git][revParse] Unable to read file: ENOENT: no such file or directory, open '/workspaces/welcome-to-workspace/.git/refs/remotes/origin/main'
2026-02-25 18:06:19.833 [info] > git rev-parse refs/remotes/origin/main [6ms]
2026-02-25 18:06:19.858 [info] > git status -z -uall [18ms]
2026-02-25 18:06:19.858 [info] > git for-each-ref --sort -committerdate --format %(refname)%00%(objectname)%00%(*objectname) [4ms]
2026-02-25 18:06:19.886 [info] > git merge-base refs/heads/main refs/remotes/origin/main [13ms]
2026-02-25 18:06:19.902 [info] > git merge-base refs/heads/main refs/remotes/origin/main [18ms]
2026-02-25 18:06:19.913 [info] > git diff --raw --numstat --diff-filter=ADMR -z --find-renames=50% 7828d2748194c9132f820a44f9249e0db6c46c1a...refs/remotes/origin/main -- [16ms]
2026-02-25 18:06:19.916 [info] > git diff --raw --numstat --diff-filter=ADMR -z --find-renames=50% 7828d2748194c9132f820a44f9249e0db6c46c1a...refs/remotes/origin/main -- [6ms]
2026-02-25 18:06:21.221 [info] > git config --get commit.template [8ms]
2026-02-25 18:06:21.224 [info] > git for-each-ref --format=%(refname)%00%(upstream:short)%00%(objectname)%00%(upstream:track)%00%(upstream:remotename)%00%(upstream:remoteref) refs/heads/main refs/remotes/main [2ms]
2026-02-25 18:06:21.233 [warning] [Git][revParse] Unable to read file: ENOENT: no such file or directory, open '/workspaces/welcome-to-workspace/.git/refs/remotes/origin/main'
2026-02-25 18:06:21.235 [info] > git rev-parse refs/remotes/origin/main [2ms]
2026-02-25 18:06:21.254 [info] > git status -z -uall [14ms]
2026-02-25 18:06:21.256 [info] > git for-each-ref --sort -committerdate --format %(refname)%00%(objectname)%00%(*objectname) [3ms]
2026-02-25 18:06:24.350 [info] > git config --local -l [6ms]
2026-02-25 18:06:24.631 [info] > git config --local -l [19ms]
2026-02-25 18:06:24.632 [info] > git config --local -l [30ms]
2026-02-25 18:06:24.632 [info] > git config --local -l [37ms]
2026-02-25 18:06:24.633 [info] > git config --local -l [47ms]
2026-02-25 18:06:25.483 [info] > git config --local -l [224ms]
2026-02-25 18:06:25.503 [info] > git for-each-ref --count=10 --sort -committerdate --format %(refname)%00%(objectname)%00%(*objectname) refs/heads/ [268ms]
2026-02-25 18:06:25.539 [info] > git config --local -l [314ms]
2026-02-25 18:06:25.544 [info] > git config --local -l [325ms]
2026-02-25 18:06:25.545 [info] > git config --local -l [333ms]
2026-02-25 18:06:25.546 [info] > git config --local -l [344ms]
2026-02-25 18:06:25.870 [info] > git config --local -l [331ms]
2026-02-25 18:06:26.103 [info] > git for-each-ref --format=%(refname)%00%(upstream:short)%00%(objectname)%00%(upstream:track)%00%(upstream:remotename)%00%(upstream:remoteref) refs/heads/main refs/remotes/main [226ms]
2026-02-25 18:14:05.720 [info] > git config --get commit.template [2ms]
2026-02-25 18:14:05.728 [info] > git for-each-ref --format=%(refname)%00%(upstream:short)%00%(objectname)%00%(upstream:track)%00%(upstream:remotename)%00%(upstream:remoteref) refs/heads/main refs/remotes/main [2ms]
2026-02-25 18:14:05.734 [warning] [Git][revParse] Unable to read file: ENOENT: no such file or directory, open '/workspaces/welcome-to-workspace/.git/refs/remotes/origin/main'
2026-02-25 18:14:05.734 [info] > git rev-parse refs/remotes/origin/main [1ms]
2026-02-25 18:14:05.748 [info] > git status -z -uall [6ms]
2026-02-25 18:14:05.751 [info] > git for-each-ref --sort -committerdate --format %(refname)%00%(objectname)%00%(*objectname) [4ms]
2026-02-25 18:14:06.269 [info] > git check-ignore -v -z --stdin [8ms]
2026-02-25 18:14:35.222 [info] > git config --get commit.template [4ms]
2026-02-25 18:14:35.235 [info] > git for-each-ref --format=%(refname)%00%(upstream:short)%00%(objectname)%00%(upstream:track)%00%(upstream:remotename)%00%(upstream:remoteref) refs/heads/main refs/remotes/main [2ms]
2026-02-25 18:14:35.244 [warning] [Git][revParse] Unable to read file: ENOENT: no such file or directory, open '/workspaces/welcome-to-workspace/.git/refs/remotes/origin/main'
2026-02-25 18:14:35.245 [info] > git rev-parse refs/remotes/origin/main [1ms]
2026-02-25 18:14:35.272 [info] > git status -z -uall [17ms]
2026-02-25 18:14:35.274 [info] > git for-each-ref --sort -committerdate --format %(refname)%00%(objectname)%00%(*objectname) [8ms]
2026-02-25 18:14:35.348 [info] > git check-ignore -v -z --stdin [4ms]
2026-02-25 18:14:42.099 [info] > git config --get commit.template [2ms]
2026-02-25 18:14:42.112 [info] > git for-each-ref --format=%(refname)%00%(upstream:short)%00%(objectname)%00%(upstream:track)%00%(upstream:remotename)%00%(upstream:remoteref) refs/heads/main refs/remotes/main [2ms]
2026-02-25 18:14:42.123 [warning] [Git][revParse] Unable to read file: ENOENT: no such file or directory, open '/workspaces/welcome-to-workspace/.git/refs/remotes/origin/main'
2026-02-25 18:14:42.123 [info] > git rev-parse refs/remotes/origin/main [0ms]
2026-02-25 18:14:42.144 [info] > git status -z -uall [10ms]
2026-02-25 18:14:42.145 [info] > git for-each-ref --sort -committerdate --format %(refname)%00%(objectname)%00%(*objectname) [4ms]
2026-02-25 18:24:29.442 [info] > git config --get commit.template [3ms]
2026-02-25 18:24:29.450 [info] > git for-each-ref --format=%(refname)%00%(upstream:short)%00%(objectname)%00%(upstream:track)%00%(upstream:remotename)%00%(upstream:remoteref) refs/heads/main refs/remotes/main [1ms]
2026-02-25 18:24:29.459 [warning] [Git][revParse] Unable to read file: ENOENT: no such file or directory, open '/workspaces/welcome-to-workspace/.git/refs/remotes/origin/main'
2026-02-25 18:24:29.462 [info] > git rev-parse refs/remotes/origin/main [3ms]
2026-02-25 18:24:29.490 [info] > git status -z -uall [21ms]
2026-02-25 18:24:29.499 [info] > git for-each-ref --sort -committerdate --format %(refname)%00%(objectname)%00%(*objectname) [18ms]
2026-02-25 18:24:34.525 [info] > git for-each-ref --format=%(refname)%00%(upstream:short)%00%(objectname)%00%(upstream:track)%00%(upstream:remotename)%00%(upstream:remoteref) refs/heads/main refs/remotes/main [5ms]
2026-02-25 18:24:34.525 [info] > git config --get commit.template [15ms]
2026-02-25 18:24:34.534 [warning] [Git][revParse] Unable to read file: ENOENT: no such file or directory, open '/workspaces/welcome-to-workspace/.git/refs/remotes/origin/main'
2026-02-25 18:24:34.535 [info] > git rev-parse refs/remotes/origin/main [1ms]
2026-02-25 18:24:34.549 [info] > git status -z -uall [6ms]
2026-02-25 18:24:34.552 [info] > git for-each-ref --sort -committerdate --format %(refname)%00%(objectname)%00%(*objectname) [3ms]
