2026-02-25 18:06:15.867 [info] Reading sessions from keychain...
2026-02-25 18:06:15.867 [info] Got stored sessions!
2026-02-25 18:06:15.867 [info] Got 6 verified sessions.
2026-02-25 18:06:15.867 [info] Getting sessions for all scopes...
2026-02-25 18:06:15.867 [info] Got 6 sessions for ...
2026-02-25 18:06:15.867 [info] Getting sessions for all scopes...
2026-02-25 18:06:15.867 [info] Got 6 sessions for ...
2026-02-25 18:06:15.867 [info] Getting sessions for all scopes...
2026-02-25 18:06:15.867 [info] Got 6 sessions for ...
2026-02-25 18:06:15.867 [info] Getting sessions for all scopes...
2026-02-25 18:06:15.867 [info] Got 6 sessions for ...
2026-02-25 18:06:15.867 [info] Getting sessions for user:email...
2026-02-25 18:06:15.867 [info] Got 1 sessions for user:email...
2026-02-25 18:06:15.867 [info] Getting sessions for codespace,read:user,repo,user:email...
2026-02-25 18:06:15.867 [info] Got 1 sessions for codespace,read:user,repo,user:email...
2026-02-25 18:06:16.035 [info] Getting sessions for all scopes...
2026-02-25 18:06:16.035 [info] Got 6 sessions for ...
2026-02-25 18:06:16.036 [info] Getting sessions for all scopes...
2026-02-25 18:06:16.063 [info] Got 6 sessions for ...
2026-02-25 18:06:17.358 [info] Getting sessions for all scopes...
2026-02-25 18:06:17.358 [info] Got 6 sessions for ...
2026-02-25 18:06:18.148 [info] Getting sessions for all scopes...
2026-02-25 18:06:18.174 [info] Got 6 sessions for ...
2026-02-25 18:06:19.280 [info] Getting sessions for all scopes...
2026-02-25 18:06:19.280 [info] Got 6 sessions for ...
2026-02-25 18:06:19.805 [info] FetcherService: Node fetch failed with status: 429 Too Many Requests
2026-02-25 18:06:19.808 [info] Unable to resolve optional EDU details. Status: 429 Too Many Requests
2026-02-25 18:06:20.208 [info] Getting sessions for all scopes...
2026-02-25 18:06:20.208 [info] Got 6 sessions for ...
2026-02-25 18:06:20.997 [info] Getting sessions for project,read:org,read:user,repo,user:email,workflow...
2026-02-25 18:06:20.997 [info] Got 0 sessions for project,read:org,read:user,repo,user:email,workflow...
2026-02-25 18:06:21.005 [info] Getting sessions for read:user,repo,user:email,workflow...
2026-02-25 18:06:21.006 [info] Got 1 sessions for read:user,repo,user:email,workflow...
2026-02-25 18:06:21.007 [info] Getting sessions for all scopes...
2026-02-25 18:06:21.007 [info] Got 6 sessions for ...
2026-02-25 18:06:23.672 [info] Getting sessions for read:user,repo,user:email,workflow...
2026-02-25 18:06:23.672 [info] Got 1 sessions for read:user,repo,user:email,workflow...
2026-02-25 19:06:22.589 [info] Getting sessions for all scopes...
2026-02-25 19:06:22.589 [info] Got 6 sessions for ...
2026-02-25 19:06:22.771 [info] Getting sessions for all scopes...
2026-02-25 19:06:22.772 [info] Got 6 sessions for ...
