2026-02-25 18:06:21.050 [warning] /home/codespace/.ssh/config: ENOENT: no such file or directory, open '/home/codespace/.ssh/config'
2026-02-25 18:06:21.050 [info] [Activation] Extension version: 0.128.0
2026-02-25 18:06:23.941 [info] [Authentication] Creating hub for .com
2026-02-25 18:06:24.334 [info] [Activation] Registering built in git provider.
2026-02-25 18:06:24.334 [info] [Activation] Looking for git repository
2026-02-25 18:06:24.334 [info] [Activation] Found 0 repositories during activation
2026-02-25 18:06:24.334 [info] [Activation] Git repository found, initializing review manager and pr tree view.
2026-02-25 18:06:24.345 [info] [GitAPI] Registering git provider
2026-02-25 18:06:24.345 [info] [Review+0] Validate state in progress
2026-02-25 18:06:24.345 [info] [Review+0] Validating state...
2026-02-25 18:06:24.616 [info] [FolderRepositoryManager+0] Found GitHub remote for folder /workspaces/welcome-to-workspace
2026-02-25 18:06:24.747 [info] [GitPostCommitCommands] Trying to register post commit commands.
2026-02-25 18:06:24.747 [info] [GitPostCommitCommands] GitHub remote(s) found, registering post commit commands.
2026-02-25 18:06:24.748 [info] [GitPostCommitCommands] Looking for remote. Comparing 1 local repo remotes with 1 GitHub repositories.
2026-02-25 18:06:24.748 [info] [GitPostCommitCommands] Found a repo when getting post commit commands.
2026-02-25 18:06:24.748 [info] [GitPostCommitCommands] Looking for remote. Comparing 1 local repo remotes with 1 GitHub repositories.
2026-02-25 18:06:24.748 [info] [GitPostCommitCommands] Found a repo when getting post commit commands.
2026-02-25 18:06:25.235 [info] [FolderRepositoryManager+0] Trying to use globalState for assignableUsers.
2026-02-25 18:06:25.236 [info] [FolderRepositoryManager+0] First activation: associating local branches with PRs
2026-02-25 18:06:25.485 [info] [Review+0] No matching pull request metadata found locally for current branch main
2026-02-25 18:06:26.097 [info] [FolderRepositoryManager+0] GlobalState does not exist for assignableUsers.
2026-02-25 18:06:26.477 [info] [FolderRepositoryManager+0] Branch association complete: 0 branches associated with PRs
2026-02-25 18:06:26.478 [info] [Review+0] No matching pull request metadata found on GitHub for current branch main
2026-02-25 18:14:05.756 [info] [GitPostCommitCommands] Looking for remote. Comparing 1 local repo remotes with 1 GitHub repositories.
2026-02-25 18:14:05.756 [info] [GitPostCommitCommands] Found a repo when getting post commit commands.
2026-02-25 18:14:05.756 [info] [GitPostCommitCommands] Looking for remote. Comparing 1 local repo remotes with 1 GitHub repositories.
2026-02-25 18:14:05.756 [info] [GitPostCommitCommands] Found a repo when getting post commit commands.
2026-02-25 18:14:05.756 [info] [Activation] Repo state for file:///workspaces/welcome-to-workspace changed.
2026-02-25 18:14:05.756 [info] [Activation] Repo file:///workspaces/welcome-to-workspace has already been setup.
